<?xml version="1.0" encoding="UTF-8"?>
<robot generator="Robot 4.0.3 (Python 3.9.6 on darwin)" generated="20210917 17:45:09.677" rpa="false" schemaversion="2">
<suite id="s1" name="Badge Criteria" source="/Users/admin/learningPoolStudy/admin/settings/badge_criteria.robot">
<test id="s1-t1" name="TC1 &quot;Verify User Can Make New Live Badge with Complete course criteria&quot;">
<kw name="Precondition Steps Before Each Test" type="SETUP">
<kw name="Open Browser" library="SeleniumLibrary">
<arg>${BASE_URL}</arg>
<arg>headlesschrome</arg>
<doc>Opens a new browser instance to the optional ``url``.</doc>
<msg timestamp="20210917 17:45:09.916" level="INFO">Opening browser 'headlesschrome' to base url 'https://qa.curatr3.com'.</msg>
<kw name="Capture Page Screenshot" library="SeleniumLibrary">
<doc>Takes a screenshot of the current page and embeds it into a log file.</doc>
<msg timestamp="20210917 17:45:11.919" level="INFO" html="true">&lt;/td&gt;&lt;/tr&gt;&lt;tr&gt;&lt;td colspan="3"&gt;&lt;a href="selenium-screenshot-49.png"&gt;&lt;img src="selenium-screenshot-49.png" width="800px"&gt;&lt;/a&gt;</msg>
<status status="PASS" starttime="20210917 17:45:11.722" endtime="20210917 17:45:11.919"/>
</kw>
<msg timestamp="20210917 17:45:11.924" level="FAIL">WebDriverException: Message: unknown error: net::ERR_CONNECTION_REFUSED
  (Session info: headless chrome=93.0.4577.82)
</msg>
<status status="FAIL" starttime="20210917 17:45:09.916" endtime="20210917 17:45:11.924"/>
</kw>
<status status="FAIL" starttime="20210917 17:45:09.915" endtime="20210917 17:45:11.924"/>
</kw>
<kw name="Teardown Steps After All Tests" type="TEARDOWN">
<kw name="Close All Browsers" library="SeleniumLibrary">
<doc>Closes all open browsers and resets the browser cache.</doc>
<status status="PASS" starttime="20210917 17:45:11.925" endtime="20210917 17:45:11.988"/>
</kw>
<status status="PASS" starttime="20210917 17:45:11.925" endtime="20210917 17:45:11.988"/>
</kw>
<status status="FAIL" starttime="20210917 17:45:09.915" endtime="20210917 17:45:11.988">Setup failed:
WebDriverException: Message: unknown error: net::ERR_CONNECTION_REFUSED
  (Session info: headless chrome=93.0.4577.82)
</status>
</test>
<test id="s1-t2" name="TC2 &quot;Verify User Can Make Second Live Badge with Complete Badge criteria&quot;">
<kw name="Precondition Steps Before Each Test" type="SETUP">
<kw name="Open Browser" library="SeleniumLibrary">
<arg>${BASE_URL}</arg>
<arg>headlesschrome</arg>
<doc>Opens a new browser instance to the optional ``url``.</doc>
<msg timestamp="20210917 17:45:11.990" level="INFO">Opening browser 'headlesschrome' to base url 'https://qa.curatr3.com'.</msg>
<kw name="Capture Page Screenshot" library="SeleniumLibrary">
<doc>Takes a screenshot of the current page and embeds it into a log file.</doc>
<msg timestamp="20210917 17:45:13.750" level="INFO" html="true">&lt;/td&gt;&lt;/tr&gt;&lt;tr&gt;&lt;td colspan="3"&gt;&lt;a href="selenium-screenshot-50.png"&gt;&lt;img src="selenium-screenshot-50.png" width="800px"&gt;&lt;/a&gt;</msg>
<status status="PASS" starttime="20210917 17:45:13.568" endtime="20210917 17:45:13.750"/>
</kw>
<msg timestamp="20210917 17:45:13.751" level="FAIL">WebDriverException: Message: unknown error: net::ERR_CONNECTION_REFUSED
  (Session info: headless chrome=93.0.4577.82)
</msg>
<status status="FAIL" starttime="20210917 17:45:11.990" endtime="20210917 17:45:13.751"/>
</kw>
<status status="FAIL" starttime="20210917 17:45:11.990" endtime="20210917 17:45:13.751"/>
</kw>
<kw name="Teardown Steps After All Tests" type="TEARDOWN">
<kw name="Close All Browsers" library="SeleniumLibrary">
<doc>Closes all open browsers and resets the browser cache.</doc>
<status status="PASS" starttime="20210917 17:45:13.752" endtime="20210917 17:45:13.814"/>
</kw>
<status status="PASS" starttime="20210917 17:45:13.751" endtime="20210917 17:45:13.814"/>
</kw>
<status status="FAIL" starttime="20210917 17:45:11.989" endtime="20210917 17:45:13.814">Setup failed:
WebDriverException: Message: unknown error: net::ERR_CONNECTION_REFUSED
  (Session info: headless chrome=93.0.4577.82)
</status>
</test>
<test id="s1-t3" name="TC3 &quot;Admin Make New User&quot;">
<kw name="Precondition Steps Before Each Test" type="SETUP">
<kw name="Open Browser" library="SeleniumLibrary">
<arg>${BASE_URL}</arg>
<arg>headlesschrome</arg>
<doc>Opens a new browser instance to the optional ``url``.</doc>
<msg timestamp="20210917 17:45:13.816" level="INFO">Opening browser 'headlesschrome' to base url 'https://qa.curatr3.com'.</msg>
<kw name="Capture Page Screenshot" library="SeleniumLibrary">
<doc>Takes a screenshot of the current page and embeds it into a log file.</doc>
<msg timestamp="20210917 17:45:15.548" level="INFO" html="true">&lt;/td&gt;&lt;/tr&gt;&lt;tr&gt;&lt;td colspan="3"&gt;&lt;a href="selenium-screenshot-51.png"&gt;&lt;img src="selenium-screenshot-51.png" width="800px"&gt;&lt;/a&gt;</msg>
<status status="PASS" starttime="20210917 17:45:15.367" endtime="20210917 17:45:15.548"/>
</kw>
<msg timestamp="20210917 17:45:15.549" level="FAIL">WebDriverException: Message: unknown error: net::ERR_CONNECTION_REFUSED
  (Session info: headless chrome=93.0.4577.82)
</msg>
<status status="FAIL" starttime="20210917 17:45:13.816" endtime="20210917 17:45:15.549"/>
</kw>
<status status="FAIL" starttime="20210917 17:45:13.815" endtime="20210917 17:45:15.549"/>
</kw>
<kw name="Teardown Steps After All Tests" type="TEARDOWN">
<kw name="Close All Browsers" library="SeleniumLibrary">
<doc>Closes all open browsers and resets the browser cache.</doc>
<status status="PASS" starttime="20210917 17:45:15.550" endtime="20210917 17:45:15.614"/>
</kw>
<status status="PASS" starttime="20210917 17:45:15.549" endtime="20210917 17:45:15.614"/>
</kw>
<status status="FAIL" starttime="20210917 17:45:13.815" endtime="20210917 17:45:15.615">Setup failed:
WebDriverException: Message: unknown error: net::ERR_CONNECTION_REFUSED
  (Session info: headless chrome=93.0.4577.82)
</status>
</test>
<test id="s1-t4" name="TC4 &quot;Verify User Can Open Badge with Complete Badge criteria page in Profile-Achievements&quot;">
<kw name="Precondition Steps Before Each Test" type="SETUP">
<kw name="Open Browser" library="SeleniumLibrary">
<arg>${BASE_URL}</arg>
<arg>headlesschrome</arg>
<doc>Opens a new browser instance to the optional ``url``.</doc>
<msg timestamp="20210917 17:45:15.617" level="INFO">Opening browser 'headlesschrome' to base url 'https://qa.curatr3.com'.</msg>
<kw name="Capture Page Screenshot" library="SeleniumLibrary">
<doc>Takes a screenshot of the current page and embeds it into a log file.</doc>
<msg timestamp="20210917 17:45:17.363" level="INFO" html="true">&lt;/td&gt;&lt;/tr&gt;&lt;tr&gt;&lt;td colspan="3"&gt;&lt;a href="selenium-screenshot-52.png"&gt;&lt;img src="selenium-screenshot-52.png" width="800px"&gt;&lt;/a&gt;</msg>
<status status="PASS" starttime="20210917 17:45:17.171" endtime="20210917 17:45:17.363"/>
</kw>
<msg timestamp="20210917 17:45:17.363" level="FAIL">WebDriverException: Message: unknown error: net::ERR_CONNECTION_REFUSED
  (Session info: headless chrome=93.0.4577.82)
</msg>
<status status="FAIL" starttime="20210917 17:45:15.616" endtime="20210917 17:45:17.363"/>
</kw>
<status status="FAIL" starttime="20210917 17:45:15.616" endtime="20210917 17:45:17.364"/>
</kw>
<kw name="Teardown Steps After All Tests" type="TEARDOWN">
<kw name="Close All Browsers" library="SeleniumLibrary">
<doc>Closes all open browsers and resets the browser cache.</doc>
<status status="PASS" starttime="20210917 17:45:17.364" endtime="20210917 17:45:17.422"/>
</kw>
<status status="PASS" starttime="20210917 17:45:17.364" endtime="20210917 17:45:17.422"/>
</kw>
<status status="FAIL" starttime="20210917 17:45:15.615" endtime="20210917 17:45:17.422">Setup failed:
WebDriverException: Message: unknown error: net::ERR_CONNECTION_REFUSED
  (Session info: headless chrome=93.0.4577.82)
</status>
</test>
<doc>This Test Suite for the ticket https://learningpool.atlassian.net/browse/LXP-4176</doc>
<status status="FAIL" starttime="20210917 17:45:09.679" endtime="20210917 17:45:17.423"/>
</suite>
<statistics>
<total>
<stat pass="0" fail="4" skip="0">All Tests</stat>
</total>
<tag>
</tag>
<suite>
<stat pass="0" fail="4" skip="0" id="s1" name="Badge Criteria">Badge Criteria</stat>
</suite>
</statistics>
<errors>
</errors>
</robot>
